# JRE version: Java(TM) SE Runtime Environment (8.0_202-b08) (build 1.8.0_202-b08)
# Java VM: Java HotSpot(TM) 64-Bit Server VM (25.202-b08 mixed mode bsd-amd64 compressed oops)
Heap:
 PSYoungGen      total 105472K, used 96294K [0x0000000795580000, 0x000000079ee00000, 0x00000007c0000000)
  eden space 89088K, 89% used [0x0000000795580000,0x000000079a38ea30,0x000000079ac80000)
  from space 16384K, 99% used [0x000000079ac80000,0x000000079bc7ae50,0x000000079bc80000)
  to   space 23552K, 0% used [0x000000079d700000,0x000000079d700000,0x000000079ee00000)
 ParOldGen       total 64512K, used 31238K [0x0000000740000000, 0x0000000743f00000, 0x0000000795580000)
  object space 64512K, 48% used [0x0000000740000000,0x0000000741e818a8,0x0000000743f00000)
 Metaspace       used 25790K, capacity 26171K, committed 26496K, reserved 1073152K
  class space    used 2535K, capacity 2658K, committed 2688K, reserved 1048576K
GC Heap History (10 events):
Event: 10.985 GC heap before
{Heap before GC invocations=6 (full 1):
 PSYoungGen      total 53248K, used 53170K [0x0000000795580000, 0x0000000798f80000, 0x00000007c0000000)
  eden space 48128K, 100% used [0x0000000795580000,0x0000000798480000,0x0000000798480000)
  from space 5120K, 98% used [0x0000000798a80000,0x0000000798f6ca98,0x0000000798f80000)
  to   space 5120K, 0% used [0x0000000798580000,0x0000000798580000,0x0000000798a80000)
 ParOldGen       total 64512K, used 17549K [0x0000000740000000, 0x0000000743f00000, 0x0000000795580000)
  object space 64512K, 27% used [0x0000000740000000,0x0000000741123558,0x0000000743f00000)
 Metaspace       used 24973K, capacity 25425K, committed 25728K, reserved 1073152K
  class space    used 2490K, capacity 2623K, committed 2688K, reserved 1048576K
Event: 10.993 GC heap after
Heap after GC invocations=6 (full 1):
 PSYoungGen      total 54272K, used 4962K [0x0000000795580000, 0x000000079b400000, 0x00000007c0000000)
  eden space 49152K, 0% used [0x0000000795580000,0x0000000795580000,0x0000000798580000)
  from space 5120K, 96% used [0x0000000798580000,0x0000000798a58a98,0x0000000798a80000)
  to   space 14336K, 0% used [0x000000079a600000,0x000000079a600000,0x000000079b400000)
 ParOldGen       total 64512K, used 17813K [0x0000000740000000, 0x0000000743f00000, 0x0000000795580000)
  object space 64512K, 27% used [0x0000000740000000,0x0000000741165568,0x0000000743f00000)
 Metaspace       used 24973K, capacity 25425K, committed 25728K, reserved 1073152K
  class space    used 2490K, capacity 2623K, committed 2688K, reserved 1048576K
}
Event: 12.314 GC heap before
{Heap before GC invocations=7 (full 1):
 PSYoungGen      total 54272K, used 54114K [0x0000000795580000, 0x000000079b400000, 0x00000007c0000000)
  eden space 49152K, 100% used [0x0000000795580000,0x0000000798580000,0x0000000798580000)
  from space 5120K, 96% used [0x0000000798580000,0x0000000798a58a98,0x0000000798a80000)
  to   space 14336K, 0% used [0x000000079a600000,0x000000079a600000,0x000000079b400000)
 ParOldGen       total 64512K, used 17813K [0x0000000740000000, 0x0000000743f00000, 0x0000000795580000)
  object space 64512K, 27% used [0x0000000740000000,0x0000000741165568,0x0000000743f00000)
 Metaspace       used 25172K, capacity 25617K, committed 25728K, reserved 1073152K
  class space    used 2490K, capacity 2623K, committed 2688K, reserved 1048576K
Event: 12.320 GC heap after
Heap after GC invocations=7 (full 1):
 PSYoungGen      total 82432K, used 5026K [0x0000000795580000, 0x000000079b380000, 0x00000007c0000000)
  eden space 68608K, 0% used [0x0000000795580000,0x0000000795580000,0x0000000799880000)
  from space 13824K, 36% used [0x000000079a600000,0x000000079aae8a78,0x000000079b380000)
  to   space 13824K, 0% used [0x0000000799880000,0x0000000799880000,0x000000079a600000)
 ParOldGen       total 64512K, used 17821K [0x0000000740000000, 0x0000000743f00000, 0x0000000795580000)
  object space 64512K, 27% used [0x0000000740000000,0x0000000741167568,0x0000000743f00000)
 Metaspace       used 25172K, capacity 25617K, committed 25728K, reserved 1073152K
  class space    used 2490K, capacity 2623K, committed 2688K, reserved 1048576K
}
Event: 21.057 GC heap before
{Heap before GC invocations=8 (full 1):
 PSYoungGen      total 82432K, used 73634K [0x0000000795580000, 0x000000079b380000, 0x00000007c0000000)
  eden space 68608K, 100% used [0x0000000795580000,0x0000000799880000,0x0000000799880000)
  from space 13824K, 36% used [0x000000079a600000,0x000000079aae8a78,0x000000079b380000)
  to   space 13824K, 0% used [0x0000000799880000,0x0000000799880000,0x000000079a600000)
 ParOldGen       total 64512K, used 17821K [0x0000000740000000, 0x0000000743f00000, 0x0000000795580000)
  object space 64512K, 27% used [0x0000000740000000,0x0000000741167568,0x0000000743f00000)
 Metaspace       used 25473K, capacity 25911K, committed 25984K, reserved 1073152K
  class space    used 2521K, capacity 2656K, committed 2688K, reserved 1048576K
Event: 21.066 GC heap after
Heap after GC invocations=8 (full 1):
 PSYoungGen      total 82432K, used 4866K [0x0000000795580000, 0x000000079c980000, 0x00000007c0000000)
  eden space 68608K, 0% used [0x0000000795580000,0x0000000795580000,0x0000000799880000)
  from space 13824K, 35% used [0x0000000799880000,0x0000000799d40a58,0x000000079a600000)
  to   space 13312K, 0% used [0x000000079bc80000,0x000000079bc80000,0x000000079c980000)
 ParOldGen       total 64512K, used 17829K [0x0000000740000000, 0x0000000743f00000, 0x0000000795580000)
  object space 64512K, 27% used [0x0000000740000000,0x0000000741169568,0x0000000743f00000)
 Metaspace       used 25473K, capacity 25911K, committed 25984K, reserved 1073152K
  class space    used 2521K, capacity 2656K, committed 2688K, reserved 1048576K
}
Event: 24.307 GC heap before
{Heap before GC invocations=9 (full 1):
 PSYoungGen      total 82432K, used 73257K [0x0000000795580000, 0x000000079c980000, 0x00000007c0000000)
  eden space 68608K, 99% used [0x0000000795580000,0x0000000799849d10,0x0000000799880000)
  from space 13824K, 35% used [0x0000000799880000,0x0000000799d40a58,0x000000079a600000)
  to   space 13312K, 0% used [0x000000079bc80000,0x000000079bc80000,0x000000079c980000)
 ParOldGen       total 64512K, used 17829K [0x0000000740000000, 0x0000000743f00000, 0x0000000795580000)
  object space 64512K, 27% used [0x0000000740000000,0x0000000741169568,0x0000000743f00000)
 Metaspace       used 25528K, capacity 25975K, committed 26240K, reserved 1073152K
  class space    used 2522K, capacity 2656K, committed 2688K, reserved 1048576K
Event: 24.318 GC heap after
Heap after GC invocations=9 (full 1):
 PSYoungGen      total 102400K, used 13283K [0x0000000795580000, 0x000000079ce80000, 0x00000007c0000000)
  eden space 89088K, 0% used [0x0000000795580000,0x0000000795580000,0x000000079ac80000)
  from space 13312K, 99% used [0x000000079bc80000,0x000000079c978c98,0x000000079c980000)
  to   space 16384K, 0% used [0x000000079ac80000,0x000000079ac80000,0x000000079bc80000)
 ParOldGen       total 64512K, used 19669K [0x0000000740000000, 0x0000000743f00000, 0x0000000795580000)
  object space 64512K, 30% used [0x0000000740000000,0x00000007413355d8,0x0000000743f00000)
 Metaspace       used 25528K, capacity 25975K, committed 26240K, reserved 1073152K
  class space    used 2522K, capacity 2656K, committed 2688K, reserved 1048576K
}
Event: 27.043 GC heap before
{Heap before GC invocations=10 (full 1):
 PSYoungGen      total 102400K, used 102242K [0x0000000795580000, 0x000000079ce80000, 0x00000007c0000000)
  eden space 89088K, 99% used [0x0000000795580000,0x000000079ac5fe90,0x000000079ac80000)
  from space 13312K, 99% used [0x000000079bc80000,0x000000079c978c98,0x000000079c980000)
  to   space 16384K, 0% used [0x000000079ac80000,0x000000079ac80000,0x000000079bc80000)
 ParOldGen       total 64512K, used 19925K [0x0000000740000000, 0x0000000743f00000, 0x0000000795580000)
  object space 64512K, 30% used [0x0000000740000000,0x00000007413755e8,0x0000000743f00000)
 Metaspace       used 25676K, capacity 26103K, committed 26240K, reserved 1073152K
  class space    used 2522K, capacity 2656K, committed 2688K, reserved 1048576K
Event: 27.062 GC heap after
Heap after GC invocations=10 (full 1):
 PSYoungGen      total 105472K, used 16363K [0x0000000795580000, 0x000000079ee00000, 0x00000007c0000000)
  eden space 89088K, 0% used [0x0000000795580000,0x0000000795580000,0x000000079ac80000)
  from space 16384K, 99% used [0x000000079ac80000,0x000000079bc7ae50,0x000000079bc80000)
  to   space 23552K, 0% used [0x000000079d700000,0x000000079d700000,0x000000079ee00000)
 ParOldGen       total 64512K, used 31238K [0x0000000740000000, 0x0000000743f00000, 0x0000000795580000)
  object space 64512K, 48% used [0x0000000740000000,0x0000000741e818a8,0x0000000743f00000)
 Metaspace       used 25676K, capacity 26103K, committed 26240K, reserved 1073152K
  class space    used 2522K, capacity 2656K, committed 2688K, reserved 1048576K
}

