# JRE version: Java(TM) SE Runtime Environment (8.0_202-b08) (build 1.8.0_202-b08)
# Java VM: Java HotSpot(TM) 64-Bit Server VM (25.202-b08 mixed mode bsd-amd64 compressed oops)
Heap:
 PSYoungGen      total 40960K, used 5220K [0x0000000795580000, 0x0000000798b00000, 0x00000007c0000000)
  eden space 28160K, 18% used [0x0000000795580000,0x0000000795a79280,0x0000000797100000)
  from space 12800K, 1% used [0x0000000797e80000,0x0000000797ea0000,0x0000000798b00000)
  to   space 13312K, 0% used [0x0000000797100000,0x0000000797100000,0x0000000797e00000)
 ParOldGen       total 87552K, used 17620K [0x0000000740000000, 0x0000000745580000, 0x0000000795580000)
  object space 87552K, 20% used [0x0000000740000000,0x0000000741135288,0x0000000745580000)
 Metaspace       used 19445K, capacity 19749K, committed 19968K, reserved 1067008K
  class space    used 1942K, capacity 2025K, committed 2048K, reserved 1048576K
GC Heap History (10 events):
Event: 69.866 GC heap before
{Heap before GC invocations=10 (full 0):
 PSYoungGen      total 31232K, used 30848K [0x0000000795580000, 0x0000000798f80000, 0x00000007c0000000)
  eden space 30720K, 100% used [0x0000000795580000,0x0000000797380000,0x0000000797380000)
  from space 512K, 25% used [0x0000000797400000,0x0000000797420000,0x0000000797480000)
  to   space 14336K, 0% used [0x0000000798180000,0x0000000798180000,0x0000000798f80000)
 ParOldGen       total 87552K, used 17572K [0x0000000740000000, 0x0000000745580000, 0x0000000795580000)
  object space 87552K, 20% used [0x0000000740000000,0x0000000741129288,0x0000000745580000)
 Metaspace       used 19182K, capacity 19505K, committed 19712K, reserved 1067008K
  class space    used 1896K, capacity 1989K, committed 2048K, reserved 1048576K
Event: 69.870 GC heap after
Heap after GC invocations=10 (full 0):
 PSYoungGen      total 44032K, used 96K [0x0000000795580000, 0x0000000798f00000, 0x00000007c0000000)
  eden space 30208K, 0% used [0x0000000795580000,0x0000000795580000,0x0000000797300000)
  from space 13824K, 0% used [0x0000000798180000,0x0000000798198000,0x0000000798f00000)
  to   space 14336K, 0% used [0x0000000797300000,0x0000000797300000,0x0000000798100000)
 ParOldGen       total 87552K, used 17588K [0x0000000740000000, 0x0000000745580000, 0x0000000795580000)
  object space 87552K, 20% used [0x0000000740000000,0x000000074112d288,0x0000000745580000)
 Metaspace       used 19182K, capacity 19505K, committed 19712K, reserved 1067008K
  class space    used 1896K, capacity 1989K, committed 2048K, reserved 1048576K
}
Event: 78.314 GC heap before
{Heap before GC invocations=11 (full 0):
 PSYoungGen      total 44032K, used 30304K [0x0000000795580000, 0x0000000798f00000, 0x00000007c0000000)
  eden space 30208K, 100% used [0x0000000795580000,0x0000000797300000,0x0000000797300000)
  from space 13824K, 0% used [0x0000000798180000,0x0000000798198000,0x0000000798f00000)
  to   space 14336K, 0% used [0x0000000797300000,0x0000000797300000,0x0000000798100000)
 ParOldGen       total 87552K, used 17588K [0x0000000740000000, 0x0000000745580000, 0x0000000795580000)
  object space 87552K, 20% used [0x0000000740000000,0x000000074112d288,0x0000000745580000)
 Metaspace       used 19182K, capacity 19505K, committed 19712K, reserved 1067008K
  class space    used 1896K, capacity 1989K, committed 2048K, reserved 1048576K
Event: 78.317 GC heap after
Heap after GC invocations=11 (full 0):
 PSYoungGen      total 30208K, used 96K [0x0000000795580000, 0x0000000798e80000, 0x00000007c0000000)
  eden space 29696K, 0% used [0x0000000795580000,0x0000000795580000,0x0000000797280000)
  from space 512K, 18% used [0x0000000797300000,0x0000000797318000,0x0000000797380000)
  to   space 14336K, 0% used [0x0000000798080000,0x0000000798080000,0x0000000798e80000)
 ParOldGen       total 87552K, used 17604K [0x0000000740000000, 0x0000000745580000, 0x0000000795580000)
  object space 87552K, 20% used [0x0000000740000000,0x0000000741131288,0x0000000745580000)
 Metaspace       used 19182K, capacity 19505K, committed 19712K, reserved 1067008K
  class space    used 1896K, capacity 1989K, committed 2048K, reserved 1048576K
}
Event: 86.498 GC heap before
{Heap before GC invocations=12 (full 0):
 PSYoungGen      total 30208K, used 29792K [0x0000000795580000, 0x0000000798e80000, 0x00000007c0000000)
  eden space 29696K, 100% used [0x0000000795580000,0x0000000797280000,0x0000000797280000)
  from space 512K, 18% used [0x0000000797300000,0x0000000797318000,0x0000000797380000)
  to   space 14336K, 0% used [0x0000000798080000,0x0000000798080000,0x0000000798e80000)
 ParOldGen       total 87552K, used 17604K [0x0000000740000000, 0x0000000745580000, 0x0000000795580000)
  object space 87552K, 20% used [0x0000000740000000,0x0000000741131288,0x0000000745580000)
 Metaspace       used 19182K, capacity 19505K, committed 19712K, reserved 1067008K
  class space    used 1896K, capacity 1989K, committed 2048K, reserved 1048576K
Event: 86.500 GC heap after
Heap after GC invocations=12 (full 0):
 PSYoungGen      total 41984K, used 96K [0x0000000795580000, 0x0000000798d00000, 0x00000007c0000000)
  eden space 29184K, 0% used [0x0000000795580000,0x0000000795580000,0x0000000797200000)
  from space 12800K, 0% used [0x0000000798080000,0x0000000798098000,0x0000000798d00000)
  to   space 13824K, 0% used [0x0000000797200000,0x0000000797200000,0x0000000797f80000)
 ParOldGen       total 87552K, used 17604K [0x0000000740000000, 0x0000000745580000, 0x0000000795580000)
  object space 87552K, 20% used [0x0000000740000000,0x0000000741131288,0x0000000745580000)
 Metaspace       used 19182K, capacity 19505K, committed 19712K, reserved 1067008K
  class space    used 1896K, capacity 1989K, committed 2048K, reserved 1048576K
}
Event: 94.551 GC heap before
{Heap before GC invocations=13 (full 0):
 PSYoungGen      total 41984K, used 29280K [0x0000000795580000, 0x0000000798d00000, 0x00000007c0000000)
  eden space 29184K, 100% used [0x0000000795580000,0x0000000797200000,0x0000000797200000)
  from space 12800K, 0% used [0x0000000798080000,0x0000000798098000,0x0000000798d00000)
  to   space 13824K, 0% used [0x0000000797200000,0x0000000797200000,0x0000000797f80000)
 ParOldGen       total 87552K, used 17604K [0x0000000740000000, 0x0000000745580000, 0x0000000795580000)
  object space 87552K, 20% used [0x0000000740000000,0x0000000741131288,0x0000000745580000)
 Metaspace       used 19182K, capacity 19505K, committed 19712K, reserved 1067008K
  class space    used 1896K, capacity 1989K, committed 2048K, reserved 1048576K
Event: 94.553 GC heap after
Heap after GC invocations=13 (full 0):
 PSYoungGen      total 29184K, used 96K [0x0000000795580000, 0x0000000798b80000, 0x00000007c0000000)
  eden space 28672K, 0% used [0x0000000795580000,0x0000000795580000,0x0000000797180000)
  from space 512K, 18% used [0x0000000797200000,0x0000000797218000,0x0000000797280000)
  to   space 13312K, 0% used [0x0000000797e80000,0x0000000797e80000,0x0000000798b80000)
 ParOldGen       total 87552K, used 17604K [0x0000000740000000, 0x0000000745580000, 0x0000000795580000)
  object space 87552K, 20% used [0x0000000740000000,0x0000000741131288,0x0000000745580000)
 Metaspace       used 19182K, capacity 19505K, committed 19712K, reserved 1067008K
  class space    used 1896K, capacity 1989K, committed 2048K, reserved 1048576K
}
Event: 102.284 GC heap before
{Heap before GC invocations=14 (full 0):
 PSYoungGen      total 29184K, used 28768K [0x0000000795580000, 0x0000000798b80000, 0x00000007c0000000)
  eden space 28672K, 100% used [0x0000000795580000,0x0000000797180000,0x0000000797180000)
  from space 512K, 18% used [0x0000000797200000,0x0000000797218000,0x0000000797280000)
  to   space 13312K, 0% used [0x0000000797e80000,0x0000000797e80000,0x0000000798b80000)
 ParOldGen       total 87552K, used 17604K [0x0000000740000000, 0x0000000745580000, 0x0000000795580000)
  object space 87552K, 20% used [0x0000000740000000,0x0000000741131288,0x0000000745580000)
 Metaspace       used 19379K, capacity 19745K, committed 19968K, reserved 1067008K
  class space    used 1929K, capacity 2023K, committed 2048K, reserved 1048576K
Event: 102.287 GC heap after
Heap after GC invocations=14 (full 0):
 PSYoungGen      total 40960K, used 128K [0x0000000795580000, 0x0000000798b00000, 0x00000007c0000000)
  eden space 28160K, 0% used [0x0000000795580000,0x0000000795580000,0x0000000797100000)
  from space 12800K, 1% used [0x0000000797e80000,0x0000000797ea0000,0x0000000798b00000)
  to   space 13312K, 0% used [0x0000000797100000,0x0000000797100000,0x0000000797e00000)
 ParOldGen       total 87552K, used 17620K [0x0000000740000000, 0x0000000745580000, 0x0000000795580000)
  object space 87552K, 20% used [0x0000000740000000,0x0000000741135288,0x0000000745580000)
 Metaspace       used 19379K, capacity 19745K, committed 19968K, reserved 1067008K
  class space    used 1929K, capacity 2023K, committed 2048K, reserved 1048576K
}

