# JRE version: Java(TM) SE Runtime Environment (8.0_202-b08) (build 1.8.0_202-b08)
# Java VM: Java HotSpot(TM) 64-Bit Server VM (25.202-b08 mixed mode bsd-amd64 compressed oops)
Heap:
 PSYoungGen      total 72192K, used 31794K [0x0000000795580000, 0x00000007a8180000, 0x00000007c0000000)
  eden space 71680K, 44% used [0x0000000795580000,0x000000079746ca08,0x0000000799b80000)
  from space 512K, 25% used [0x00000007a8080000,0x00000007a80a0000,0x00000007a8100000)
  to   space 512K, 0% used [0x00000007a8100000,0x00000007a8100000,0x00000007a8180000)
 ParOldGen       total 66048K, used 28966K [0x0000000740000000, 0x0000000744080000, 0x0000000795580000)
  object space 66048K, 43% used [0x0000000740000000,0x0000000741c49868,0x0000000744080000)
 Metaspace       used 25426K, capacity 25845K, committed 26240K, reserved 1073152K
  class space    used 2518K, capacity 2653K, committed 2688K, reserved 1048576K
GC Heap History (10 events):
Event: 792.420 GC heap before
{Heap before GC invocations=1780 (full 1):
 PSYoungGen      total 82432K, used 81984K [0x0000000795580000, 0x00000007a8180000, 0x00000007c0000000)
  eden space 81920K, 100% used [0x0000000795580000,0x000000079a580000,0x000000079a580000)
  from space 512K, 12% used [0x00000007a8100000,0x00000007a8110000,0x00000007a8180000)
  to   space 512K, 0% used [0x00000007a8080000,0x00000007a8080000,0x00000007a8100000)
 ParOldGen       total 66048K, used 28966K [0x0000000740000000, 0x0000000744080000, 0x0000000795580000)
  object space 66048K, 43% used [0x0000000740000000,0x0000000741c49868,0x0000000744080000)
 Metaspace       used 25388K, capacity 25843K, committed 26240K, reserved 1073152K
  class space    used 2509K, capacity 2652K, committed 2688K, reserved 1048576K
Event: 792.428 GC heap after
Heap after GC invocations=1780 (full 1):
 PSYoungGen      total 80384K, used 96K [0x0000000795580000, 0x00000007a8180000, 0x00000007c0000000)
  eden space 79872K, 0% used [0x0000000795580000,0x0000000795580000,0x000000079a380000)
  from space 512K, 18% used [0x00000007a8080000,0x00000007a8098000,0x00000007a8100000)
  to   space 512K, 0% used [0x00000007a8100000,0x00000007a8100000,0x00000007a8180000)
 ParOldGen       total 66048K, used 28966K [0x0000000740000000, 0x0000000744080000, 0x0000000795580000)
  object space 66048K, 43% used [0x0000000740000000,0x0000000741c49868,0x0000000744080000)
 Metaspace       used 25388K, capacity 25843K, committed 26240K, reserved 1073152K
  class space    used 2509K, capacity 2652K, committed 2688K, reserved 1048576K
}
Event: 792.985 GC heap before
{Heap before GC invocations=1781 (full 1):
 PSYoungGen      total 80384K, used 79968K [0x0000000795580000, 0x00000007a8180000, 0x00000007c0000000)
  eden space 79872K, 100% used [0x0000000795580000,0x000000079a380000,0x000000079a380000)
  from space 512K, 18% used [0x00000007a8080000,0x00000007a8098000,0x00000007a8100000)
  to   space 512K, 0% used [0x00000007a8100000,0x00000007a8100000,0x00000007a8180000)
 ParOldGen       total 66048K, used 28966K [0x0000000740000000, 0x0000000744080000, 0x0000000795580000)
  object space 66048K, 43% used [0x0000000740000000,0x0000000741c49868,0x0000000744080000)
 Metaspace       used 25388K, capacity 25843K, committed 26240K, reserved 1073152K
  class space    used 2509K, capacity 2652K, committed 2688K, reserved 1048576K
Event: 792.986 GC heap after
Heap after GC invocations=1781 (full 1):
 PSYoungGen      total 78336K, used 96K [0x0000000795580000, 0x00000007a8180000, 0x00000007c0000000)
  eden space 77824K, 0% used [0x0000000795580000,0x0000000795580000,0x000000079a180000)
  from space 512K, 18% used [0x00000007a8100000,0x00000007a8118000,0x00000007a8180000)
  to   space 512K, 0% used [0x00000007a8080000,0x00000007a8080000,0x00000007a8100000)
 ParOldGen       total 66048K, used 28966K [0x0000000740000000, 0x0000000744080000, 0x0000000795580000)
  object space 66048K, 43% used [0x0000000740000000,0x0000000741c49868,0x0000000744080000)
 Metaspace       used 25388K, capacity 25843K, committed 26240K, reserved 1073152K
  class space    used 2509K, capacity 2652K, committed 2688K, reserved 1048576K
}
Event: 793.574 GC heap before
{Heap before GC invocations=1782 (full 1):
 PSYoungGen      total 78336K, used 77920K [0x0000000795580000, 0x00000007a8180000, 0x00000007c0000000)
  eden space 77824K, 100% used [0x0000000795580000,0x000000079a180000,0x000000079a180000)
  from space 512K, 18% used [0x00000007a8100000,0x00000007a8118000,0x00000007a8180000)
  to   space 512K, 0% used [0x00000007a8080000,0x00000007a8080000,0x00000007a8100000)
 ParOldGen       total 66048K, used 28966K [0x0000000740000000, 0x0000000744080000, 0x0000000795580000)
  object space 66048K, 43% used [0x0000000740000000,0x0000000741c49868,0x0000000744080000)
 Metaspace       used 25388K, capacity 25843K, committed 26240K, reserved 1073152K
  class space    used 2509K, capacity 2652K, committed 2688K, reserved 1048576K
Event: 793.578 GC heap after
Heap after GC invocations=1782 (full 1):
 PSYoungGen      total 76288K, used 128K [0x0000000795580000, 0x00000007a8180000, 0x00000007c0000000)
  eden space 75776K, 0% used [0x0000000795580000,0x0000000795580000,0x0000000799f80000)
  from space 512K, 25% used [0x00000007a8080000,0x00000007a80a0000,0x00000007a8100000)
  to   space 512K, 0% used [0x00000007a8100000,0x00000007a8100000,0x00000007a8180000)
 ParOldGen       total 66048K, used 28966K [0x0000000740000000, 0x0000000744080000, 0x0000000795580000)
  object space 66048K, 43% used [0x0000000740000000,0x0000000741c49868,0x0000000744080000)
 Metaspace       used 25388K, capacity 25843K, committed 26240K, reserved 1073152K
  class space    used 2509K, capacity 2652K, committed 2688K, reserved 1048576K
}
Event: 794.137 GC heap before
{Heap before GC invocations=1783 (full 1):
 PSYoungGen      total 76288K, used 75904K [0x0000000795580000, 0x00000007a8180000, 0x00000007c0000000)
  eden space 75776K, 100% used [0x0000000795580000,0x0000000799f80000,0x0000000799f80000)
  from space 512K, 25% used [0x00000007a8080000,0x00000007a80a0000,0x00000007a8100000)
  to   space 512K, 0% used [0x00000007a8100000,0x00000007a8100000,0x00000007a8180000)
 ParOldGen       total 66048K, used 28966K [0x0000000740000000, 0x0000000744080000, 0x0000000795580000)
  object space 66048K, 43% used [0x0000000740000000,0x0000000741c49868,0x0000000744080000)
 Metaspace       used 25390K, capacity 25843K, committed 26240K, reserved 1073152K
  class space    used 2509K, capacity 2652K, committed 2688K, reserved 1048576K
Event: 794.139 GC heap after
Heap after GC invocations=1783 (full 1):
 PSYoungGen      total 74240K, used 160K [0x0000000795580000, 0x00000007a8180000, 0x00000007c0000000)
  eden space 73728K, 0% used [0x0000000795580000,0x0000000795580000,0x0000000799d80000)
  from space 512K, 31% used [0x00000007a8100000,0x00000007a8128000,0x00000007a8180000)
  to   space 512K, 0% used [0x00000007a8080000,0x00000007a8080000,0x00000007a8100000)
 ParOldGen       total 66048K, used 28966K [0x0000000740000000, 0x0000000744080000, 0x0000000795580000)
  object space 66048K, 43% used [0x0000000740000000,0x0000000741c49868,0x0000000744080000)
 Metaspace       used 25390K, capacity 25843K, committed 26240K, reserved 1073152K
  class space    used 2509K, capacity 2652K, committed 2688K, reserved 1048576K
}
Event: 794.603 GC heap before
{Heap before GC invocations=1784 (full 1):
 PSYoungGen      total 74240K, used 73888K [0x0000000795580000, 0x00000007a8180000, 0x00000007c0000000)
  eden space 73728K, 100% used [0x0000000795580000,0x0000000799d80000,0x0000000799d80000)
  from space 512K, 31% used [0x00000007a8100000,0x00000007a8128000,0x00000007a8180000)
  to   space 512K, 0% used [0x00000007a8080000,0x00000007a8080000,0x00000007a8100000)
 ParOldGen       total 66048K, used 28966K [0x0000000740000000, 0x0000000744080000, 0x0000000795580000)
  object space 66048K, 43% used [0x0000000740000000,0x0000000741c49868,0x0000000744080000)
 Metaspace       used 25390K, capacity 25843K, committed 26240K, reserved 1073152K
  class space    used 2509K, capacity 2652K, committed 2688K, reserved 1048576K
Event: 794.605 GC heap after
Heap after GC invocations=1784 (full 1):
 PSYoungGen      total 72192K, used 128K [0x0000000795580000, 0x00000007a8180000, 0x00000007c0000000)
  eden space 71680K, 0% used [0x0000000795580000,0x0000000795580000,0x0000000799b80000)
  from space 512K, 25% used [0x00000007a8080000,0x00000007a80a0000,0x00000007a8100000)
  to   space 512K, 0% used [0x00000007a8100000,0x00000007a8100000,0x00000007a8180000)
 ParOldGen       total 66048K, used 28966K [0x0000000740000000, 0x0000000744080000, 0x0000000795580000)
  object space 66048K, 43% used [0x0000000740000000,0x0000000741c49868,0x0000000744080000)
 Metaspace       used 25390K, capacity 25843K, committed 26240K, reserved 1073152K
  class space    used 2509K, capacity 2652K, committed 2688K, reserved 1048576K
}

