# JRE version: Java(TM) SE Runtime Environment (8.0_202-b08) (build 1.8.0_202-b08)
# Java VM: Java HotSpot(TM) 64-Bit Server VM (25.202-b08 mixed mode bsd-amd64 compressed oops)
Heap:
 PSYoungGen      total 97792K, used 74759K [0x0000000795580000, 0x00000007a9580000, 0x00000007c0000000)
  eden space 97280K, 76% used [0x0000000795580000,0x0000000799e59e58,0x000000079b480000)
  from space 512K, 31% used [0x00000007a9500000,0x00000007a9528000,0x00000007a9580000)
  to   space 512K, 0% used [0x00000007a9480000,0x00000007a9480000,0x00000007a9500000)
 ParOldGen       total 64000K, used 25197K [0x0000000740000000, 0x0000000743e80000, 0x0000000795580000)
  object space 64000K, 39% used [0x0000000740000000,0x000000074189b750,0x0000000743e80000)
 Metaspace       used 25565K, capacity 26005K, committed 26240K, reserved 1073152K
  class space    used 2547K, capacity 2661K, committed 2688K, reserved 1048576K
GC Heap History (10 events):
Event: 145.931 GC heap before
{Heap before GC invocations=145 (full 1):
 PSYoungGen      total 114176K, used 113792K [0x0000000795580000, 0x00000007a9580000, 0x00000007c0000000)
  eden space 113664K, 100% used [0x0000000795580000,0x000000079c480000,0x000000079c480000)
  from space 512K, 25% used [0x00000007a9480000,0x00000007a94a0000,0x00000007a9500000)
  to   space 512K, 0% used [0x00000007a9500000,0x00000007a9500000,0x00000007a9580000)
 ParOldGen       total 64000K, used 25173K [0x0000000740000000, 0x0000000743e80000, 0x0000000795580000)
  object space 64000K, 39% used [0x0000000740000000,0x0000000741895750,0x0000000743e80000)
 Metaspace       used 25479K, capacity 25873K, committed 26240K, reserved 1073152K
  class space    used 2533K, capacity 2659K, committed 2688K, reserved 1048576K
Event: 145.934 GC heap after
Heap after GC invocations=145 (full 1):
 PSYoungGen      total 110592K, used 96K [0x0000000795580000, 0x00000007a9580000, 0x00000007c0000000)
  eden space 110080K, 0% used [0x0000000795580000,0x0000000795580000,0x000000079c100000)
  from space 512K, 18% used [0x00000007a9500000,0x00000007a9518000,0x00000007a9580000)
  to   space 512K, 0% used [0x00000007a9480000,0x00000007a9480000,0x00000007a9500000)
 ParOldGen       total 64000K, used 25181K [0x0000000740000000, 0x0000000743e80000, 0x0000000795580000)
  object space 64000K, 39% used [0x0000000740000000,0x0000000741897750,0x0000000743e80000)
 Metaspace       used 25479K, capacity 25873K, committed 26240K, reserved 1073152K
  class space    used 2533K, capacity 2659K, committed 2688K, reserved 1048576K
}
Event: 146.996 GC heap before
{Heap before GC invocations=146 (full 1):
 PSYoungGen      total 110592K, used 110176K [0x0000000795580000, 0x00000007a9580000, 0x00000007c0000000)
  eden space 110080K, 100% used [0x0000000795580000,0x000000079c100000,0x000000079c100000)
  from space 512K, 18% used [0x00000007a9500000,0x00000007a9518000,0x00000007a9580000)
  to   space 512K, 0% used [0x00000007a9480000,0x00000007a9480000,0x00000007a9500000)
 ParOldGen       total 64000K, used 25181K [0x0000000740000000, 0x0000000743e80000, 0x0000000795580000)
  object space 64000K, 39% used [0x0000000740000000,0x0000000741897750,0x0000000743e80000)
 Metaspace       used 25479K, capacity 25873K, committed 26240K, reserved 1073152K
  class space    used 2533K, capacity 2659K, committed 2688K, reserved 1048576K
Event: 146.998 GC heap after
Heap after GC invocations=146 (full 1):
 PSYoungGen      total 107008K, used 128K [0x0000000795580000, 0x00000007a9580000, 0x00000007c0000000)
  eden space 106496K, 0% used [0x0000000795580000,0x0000000795580000,0x000000079bd80000)
  from space 512K, 25% used [0x00000007a9480000,0x00000007a94a0000,0x00000007a9500000)
  to   space 512K, 0% used [0x00000007a9500000,0x00000007a9500000,0x00000007a9580000)
 ParOldGen       total 64000K, used 25181K [0x0000000740000000, 0x0000000743e80000, 0x0000000795580000)
  object space 64000K, 39% used [0x0000000740000000,0x0000000741897750,0x0000000743e80000)
 Metaspace       used 25479K, capacity 25873K, committed 26240K, reserved 1073152K
  class space    used 2533K, capacity 2659K, committed 2688K, reserved 1048576K
}
Event: 148.185 GC heap before
{Heap before GC invocations=147 (full 1):
 PSYoungGen      total 107008K, used 106624K [0x0000000795580000, 0x00000007a9580000, 0x00000007c0000000)
  eden space 106496K, 100% used [0x0000000795580000,0x000000079bd80000,0x000000079bd80000)
  from space 512K, 25% used [0x00000007a9480000,0x00000007a94a0000,0x00000007a9500000)
  to   space 512K, 0% used [0x00000007a9500000,0x00000007a9500000,0x00000007a9580000)
 ParOldGen       total 64000K, used 25181K [0x0000000740000000, 0x0000000743e80000, 0x0000000795580000)
  object space 64000K, 39% used [0x0000000740000000,0x0000000741897750,0x0000000743e80000)
 Metaspace       used 25479K, capacity 25873K, committed 26240K, reserved 1073152K
  class space    used 2533K, capacity 2659K, committed 2688K, reserved 1048576K
Event: 148.189 GC heap after
Heap after GC invocations=147 (full 1):
 PSYoungGen      total 103936K, used 96K [0x0000000795580000, 0x00000007a9580000, 0x00000007c0000000)
  eden space 103424K, 0% used [0x0000000795580000,0x0000000795580000,0x000000079ba80000)
  from space 512K, 18% used [0x00000007a9500000,0x00000007a9518000,0x00000007a9580000)
  to   space 512K, 0% used [0x00000007a9480000,0x00000007a9480000,0x00000007a9500000)
 ParOldGen       total 64000K, used 25181K [0x0000000740000000, 0x0000000743e80000, 0x0000000795580000)
  object space 64000K, 39% used [0x0000000740000000,0x0000000741897750,0x0000000743e80000)
 Metaspace       used 25479K, capacity 25873K, committed 26240K, reserved 1073152K
  class space    used 2533K, capacity 2659K, committed 2688K, reserved 1048576K
}
Event: 149.361 GC heap before
{Heap before GC invocations=148 (full 1):
 PSYoungGen      total 103936K, used 103520K [0x0000000795580000, 0x00000007a9580000, 0x00000007c0000000)
  eden space 103424K, 100% used [0x0000000795580000,0x000000079ba80000,0x000000079ba80000)
  from space 512K, 18% used [0x00000007a9500000,0x00000007a9518000,0x00000007a9580000)
  to   space 512K, 0% used [0x00000007a9480000,0x00000007a9480000,0x00000007a9500000)
 ParOldGen       total 64000K, used 25181K [0x0000000740000000, 0x0000000743e80000, 0x0000000795580000)
  object space 64000K, 39% used [0x0000000740000000,0x0000000741897750,0x0000000743e80000)
 Metaspace       used 25479K, capacity 25873K, committed 26240K, reserved 1073152K
  class space    used 2533K, capacity 2659K, committed 2688K, reserved 1048576K
Event: 149.364 GC heap after
Heap after GC invocations=148 (full 1):
 PSYoungGen      total 100864K, used 160K [0x0000000795580000, 0x00000007a9580000, 0x00000007c0000000)
  eden space 100352K, 0% used [0x0000000795580000,0x0000000795580000,0x000000079b780000)
  from space 512K, 31% used [0x00000007a9480000,0x00000007a94a8000,0x00000007a9500000)
  to   space 512K, 0% used [0x00000007a9500000,0x00000007a9500000,0x00000007a9580000)
 ParOldGen       total 64000K, used 25197K [0x0000000740000000, 0x0000000743e80000, 0x0000000795580000)
  object space 64000K, 39% used [0x0000000740000000,0x000000074189b750,0x0000000743e80000)
 Metaspace       used 25479K, capacity 25873K, committed 26240K, reserved 1073152K
  class space    used 2533K, capacity 2659K, committed 2688K, reserved 1048576K
}
Event: 150.314 GC heap before
{Heap before GC invocations=149 (full 1):
 PSYoungGen      total 100864K, used 100512K [0x0000000795580000, 0x00000007a9580000, 0x00000007c0000000)
  eden space 100352K, 100% used [0x0000000795580000,0x000000079b780000,0x000000079b780000)
  from space 512K, 31% used [0x00000007a9480000,0x00000007a94a8000,0x00000007a9500000)
  to   space 512K, 0% used [0x00000007a9500000,0x00000007a9500000,0x00000007a9580000)
 ParOldGen       total 64000K, used 25197K [0x0000000740000000, 0x0000000743e80000, 0x0000000795580000)
  object space 64000K, 39% used [0x0000000740000000,0x000000074189b750,0x0000000743e80000)
 Metaspace       used 25499K, capacity 25937K, committed 26240K, reserved 1073152K
  class space    used 2533K, capacity 2659K, committed 2688K, reserved 1048576K
Event: 150.315 GC heap after
Heap after GC invocations=149 (full 1):
 PSYoungGen      total 97792K, used 160K [0x0000000795580000, 0x00000007a9580000, 0x00000007c0000000)
  eden space 97280K, 0% used [0x0000000795580000,0x0000000795580000,0x000000079b480000)
  from space 512K, 31% used [0x00000007a9500000,0x00000007a9528000,0x00000007a9580000)
  to   space 512K, 0% used [0x00000007a9480000,0x00000007a9480000,0x00000007a9500000)
 ParOldGen       total 64000K, used 25197K [0x0000000740000000, 0x0000000743e80000, 0x0000000795580000)
  object space 64000K, 39% used [0x0000000740000000,0x000000074189b750,0x0000000743e80000)
 Metaspace       used 25499K, capacity 25937K, committed 26240K, reserved 1073152K
  class space    used 2533K, capacity 2659K, committed 2688K, reserved 1048576K
}

