# JRE version: Java(TM) SE Runtime Environment (8.0_202-b08) (build 1.8.0_202-b08)
# Java VM: Java HotSpot(TM) 64-Bit Server VM (25.202-b08 mixed mode bsd-amd64 compressed oops)
Heap:
 PSYoungGen      total 35328K, used 9932K [0x0000000795580000, 0x0000000798400000, 0x00000007c0000000)
  eden space 25088K, 39% used [0x0000000795580000,0x0000000795f1b0e0,0x0000000796e00000)
  from space 10240K, 0% used [0x0000000797a00000,0x0000000797a18000,0x0000000798400000)
  to   space 11264K, 0% used [0x0000000796e00000,0x0000000796e00000,0x0000000797900000)
 ParOldGen       total 87552K, used 26737K [0x0000000740000000, 0x0000000745580000, 0x0000000795580000)
  object space 87552K, 30% used [0x0000000740000000,0x0000000741a1c408,0x0000000745580000)
 Metaspace       used 19734K, capacity 20129K, committed 20352K, reserved 1067008K
  class space    used 1955K, capacity 2061K, committed 2176K, reserved 1048576K
GC Heap History (10 events):
Event: 122.580 GC heap before
{Heap before GC invocations=16 (full 0):
 PSYoungGen      total 28160K, used 27680K [0x0000000795580000, 0x0000000798c80000, 0x00000007c0000000)
  eden space 27648K, 100% used [0x0000000795580000,0x0000000797080000,0x0000000797080000)
  from space 512K, 6% used [0x0000000797100000,0x0000000797108000,0x0000000797180000)
  to   space 14336K, 0% used [0x0000000797e80000,0x0000000797e80000,0x0000000798c80000)
 ParOldGen       total 87552K, used 26705K [0x0000000740000000, 0x0000000745580000, 0x0000000795580000)
  object space 87552K, 30% used [0x0000000740000000,0x0000000741a14408,0x0000000745580000)
 Metaspace       used 19642K, capacity 19965K, committed 20224K, reserved 1067008K
  class space    used 1941K, capacity 2027K, committed 2048K, reserved 1048576K
Event: 122.584 GC heap after
Heap after GC invocations=16 (full 0):
 PSYoungGen      total 39936K, used 96K [0x0000000795580000, 0x0000000798b00000, 0x00000007c0000000)
  eden space 27136K, 0% used [0x0000000795580000,0x0000000795580000,0x0000000797000000)
  from space 12800K, 0% used [0x0000000797e80000,0x0000000797e98000,0x0000000798b00000)
  to   space 13824K, 0% used [0x0000000797000000,0x0000000797000000,0x0000000797d80000)
 ParOldGen       total 87552K, used 26721K [0x0000000740000000, 0x0000000745580000, 0x0000000795580000)
  object space 87552K, 30% used [0x0000000740000000,0x0000000741a18408,0x0000000745580000)
 Metaspace       used 19642K, capacity 19965K, committed 20224K, reserved 1067008K
  class space    used 1941K, capacity 2027K, committed 2048K, reserved 1048576K
}
Event: 131.909 GC heap before
{Heap before GC invocations=17 (full 0):
 PSYoungGen      total 39936K, used 27232K [0x0000000795580000, 0x0000000798b00000, 0x00000007c0000000)
  eden space 27136K, 100% used [0x0000000795580000,0x0000000797000000,0x0000000797000000)
  from space 12800K, 0% used [0x0000000797e80000,0x0000000797e98000,0x0000000798b00000)
  to   space 13824K, 0% used [0x0000000797000000,0x0000000797000000,0x0000000797d80000)
 ParOldGen       total 87552K, used 26721K [0x0000000740000000, 0x0000000745580000, 0x0000000795580000)
  object space 87552K, 30% used [0x0000000740000000,0x0000000741a18408,0x0000000745580000)
 Metaspace       used 19642K, capacity 19965K, committed 20224K, reserved 1067008K
  class space    used 1941K, capacity 2027K, committed 2048K, reserved 1048576K
Event: 131.910 GC heap after
Heap after GC invocations=17 (full 0):
 PSYoungGen      total 27136K, used 64K [0x0000000795580000, 0x0000000798980000, 0x00000007c0000000)
  eden space 26624K, 0% used [0x0000000795580000,0x0000000795580000,0x0000000796f80000)
  from space 512K, 12% used [0x0000000797000000,0x0000000797010000,0x0000000797080000)
  to   space 13312K, 0% used [0x0000000797c80000,0x0000000797c80000,0x0000000798980000)
 ParOldGen       total 87552K, used 26729K [0x0000000740000000, 0x0000000745580000, 0x0000000795580000)
  object space 87552K, 30% used [0x0000000740000000,0x0000000741a1a408,0x0000000745580000)
 Metaspace       used 19642K, capacity 19965K, committed 20224K, reserved 1067008K
  class space    used 1941K, capacity 2027K, committed 2048K, reserved 1048576K
}
Event: 140.795 GC heap before
{Heap before GC invocations=18 (full 0):
 PSYoungGen      total 27136K, used 26688K [0x0000000795580000, 0x0000000798980000, 0x00000007c0000000)
  eden space 26624K, 100% used [0x0000000795580000,0x0000000796f80000,0x0000000796f80000)
  from space 512K, 12% used [0x0000000797000000,0x0000000797010000,0x0000000797080000)
  to   space 13312K, 0% used [0x0000000797c80000,0x0000000797c80000,0x0000000798980000)
 ParOldGen       total 87552K, used 26729K [0x0000000740000000, 0x0000000745580000, 0x0000000795580000)
  object space 87552K, 30% used [0x0000000740000000,0x0000000741a1a408,0x0000000745580000)
 Metaspace       used 19642K, capacity 19965K, committed 20224K, reserved 1067008K
  class space    used 1941K, capacity 2027K, committed 2048K, reserved 1048576K
Event: 140.797 GC heap after
Heap after GC invocations=18 (full 0):
 PSYoungGen      total 37888K, used 64K [0x0000000795580000, 0x0000000798800000, 0x00000007c0000000)
  eden space 26112K, 0% used [0x0000000795580000,0x0000000795580000,0x0000000796f00000)
  from space 11776K, 0% used [0x0000000797c80000,0x0000000797c90000,0x0000000798800000)
  to   space 12800K, 0% used [0x0000000796f00000,0x0000000796f00000,0x0000000797b80000)
 ParOldGen       total 87552K, used 26729K [0x0000000740000000, 0x0000000745580000, 0x0000000795580000)
  object space 87552K, 30% used [0x0000000740000000,0x0000000741a1a408,0x0000000745580000)
 Metaspace       used 19642K, capacity 19965K, committed 20224K, reserved 1067008K
  class space    used 1941K, capacity 2027K, committed 2048K, reserved 1048576K
}
Event: 149.529 GC heap before
{Heap before GC invocations=19 (full 0):
 PSYoungGen      total 37888K, used 26176K [0x0000000795580000, 0x0000000798800000, 0x00000007c0000000)
  eden space 26112K, 100% used [0x0000000795580000,0x0000000796f00000,0x0000000796f00000)
  from space 11776K, 0% used [0x0000000797c80000,0x0000000797c90000,0x0000000798800000)
  to   space 12800K, 0% used [0x0000000796f00000,0x0000000796f00000,0x0000000797b80000)
 ParOldGen       total 87552K, used 26729K [0x0000000740000000, 0x0000000745580000, 0x0000000795580000)
  object space 87552K, 30% used [0x0000000740000000,0x0000000741a1a408,0x0000000745580000)
 Metaspace       used 19642K, capacity 19965K, committed 20224K, reserved 1067008K
  class space    used 1941K, capacity 2027K, committed 2048K, reserved 1048576K
Event: 149.535 GC heap after
Heap after GC invocations=19 (full 0):
 PSYoungGen      total 26112K, used 32K [0x0000000795580000, 0x0000000798580000, 0x00000007c0000000)
  eden space 25600K, 0% used [0x0000000795580000,0x0000000795580000,0x0000000796e80000)
  from space 512K, 6% used [0x0000000796f00000,0x0000000796f08000,0x0000000796f80000)
  to   space 11776K, 0% used [0x0000000797a00000,0x0000000797a00000,0x0000000798580000)
 ParOldGen       total 87552K, used 26729K [0x0000000740000000, 0x0000000745580000, 0x0000000795580000)
  object space 87552K, 30% used [0x0000000740000000,0x0000000741a1a408,0x0000000745580000)
 Metaspace       used 19642K, capacity 19965K, committed 20224K, reserved 1067008K
  class space    used 1941K, capacity 2027K, committed 2048K, reserved 1048576K
}
Event: 157.953 GC heap before
{Heap before GC invocations=20 (full 0):
 PSYoungGen      total 26112K, used 25632K [0x0000000795580000, 0x0000000798580000, 0x00000007c0000000)
  eden space 25600K, 100% used [0x0000000795580000,0x0000000796e80000,0x0000000796e80000)
  from space 512K, 6% used [0x0000000796f00000,0x0000000796f08000,0x0000000796f80000)
  to   space 11776K, 0% used [0x0000000797a00000,0x0000000797a00000,0x0000000798580000)
 ParOldGen       total 87552K, used 26729K [0x0000000740000000, 0x0000000745580000, 0x0000000795580000)
  object space 87552K, 30% used [0x0000000740000000,0x0000000741a1a408,0x0000000745580000)
 Metaspace       used 19658K, capacity 19965K, committed 20224K, reserved 1067008K
  class space    used 1941K, capacity 2027K, committed 2048K, reserved 1048576K
Event: 157.954 GC heap after
Heap after GC invocations=20 (full 0):
 PSYoungGen      total 35328K, used 96K [0x0000000795580000, 0x0000000798400000, 0x00000007c0000000)
  eden space 25088K, 0% used [0x0000000795580000,0x0000000795580000,0x0000000796e00000)
  from space 10240K, 0% used [0x0000000797a00000,0x0000000797a18000,0x0000000798400000)
  to   space 11264K, 0% used [0x0000000796e00000,0x0000000796e00000,0x0000000797900000)
 ParOldGen       total 87552K, used 26737K [0x0000000740000000, 0x0000000745580000, 0x0000000795580000)
  object space 87552K, 30% used [0x0000000740000000,0x0000000741a1c408,0x0000000745580000)
 Metaspace       used 19658K, capacity 19965K, committed 20224K, reserved 1067008K
  class space    used 1941K, capacity 2027K, committed 2048K, reserved 1048576K
}

