# JRE version: Java(TM) SE Runtime Environment (8.0_202-b08) (build 1.8.0_202-b08)
# Java VM: Java HotSpot(TM) 64-Bit Server VM (25.202-b08 mixed mode bsd-amd64 compressed oops)
Heap:
 PSYoungGen      total 66048K, used 12234K [0x0000000795580000, 0x000000079a400000, 0x00000007c0000000)
  eden space 65536K, 18% used [0x0000000795580000,0x0000000796152860,0x0000000799580000)
  from space 512K, 25% used [0x000000079a380000,0x000000079a3a0000,0x000000079a400000)
  to   space 512K, 0% used [0x000000079a300000,0x000000079a300000,0x000000079a380000)
 ParOldGen       total 61952K, used 26607K [0x0000000740000000, 0x0000000743c80000, 0x0000000795580000)
  object space 61952K, 42% used [0x0000000740000000,0x00000007419fbeb8,0x0000000743c80000)
 Metaspace       used 25451K, capacity 25855K, committed 26240K, reserved 1073152K
  class space    used 2520K, capacity 2654K, committed 2688K, reserved 1048576K
GC Heap History (10 events):
Event: 201.792 GC heap before
{Heap before GC invocations=171 (full 1):
 PSYoungGen      total 48128K, used 47776K [0x0000000795580000, 0x000000079a400000, 0x00000007c0000000)
  eden space 47616K, 100% used [0x0000000795580000,0x0000000798400000,0x0000000798400000)
  from space 512K, 31% used [0x000000079a300000,0x000000079a328000,0x000000079a380000)
  to   space 512K, 0% used [0x000000079a380000,0x000000079a380000,0x000000079a400000)
 ParOldGen       total 61952K, used 26607K [0x0000000740000000, 0x0000000743c80000, 0x0000000795580000)
  object space 61952K, 42% used [0x0000000740000000,0x00000007419fbeb8,0x0000000743c80000)
 Metaspace       used 25391K, capacity 25787K, committed 25984K, reserved 1073152K
  class space    used 2508K, capacity 2652K, committed 2688K, reserved 1048576K
Event: 201.807 GC heap after
Heap after GC invocations=171 (full 1):
 PSYoungGen      total 54784K, used 64K [0x0000000795580000, 0x000000079a400000, 0x00000007c0000000)
  eden space 54272K, 0% used [0x0000000795580000,0x0000000795580000,0x0000000798a80000)
  from space 512K, 12% used [0x000000079a380000,0x000000079a390000,0x000000079a400000)
  to   space 512K, 0% used [0x000000079a300000,0x000000079a300000,0x000000079a380000)
 ParOldGen       total 61952K, used 26607K [0x0000000740000000, 0x0000000743c80000, 0x0000000795580000)
  object space 61952K, 42% used [0x0000000740000000,0x00000007419fbeb8,0x0000000743c80000)
 Metaspace       used 25391K, capacity 25787K, committed 25984K, reserved 1073152K
  class space    used 2508K, capacity 2652K, committed 2688K, reserved 1048576K
}
Event: 202.328 GC heap before
{Heap before GC invocations=172 (full 1):
 PSYoungGen      total 54784K, used 54336K [0x0000000795580000, 0x000000079a400000, 0x00000007c0000000)
  eden space 54272K, 100% used [0x0000000795580000,0x0000000798a80000,0x0000000798a80000)
  from space 512K, 12% used [0x000000079a380000,0x000000079a390000,0x000000079a400000)
  to   space 512K, 0% used [0x000000079a300000,0x000000079a300000,0x000000079a380000)
 ParOldGen       total 61952K, used 26607K [0x0000000740000000, 0x0000000743c80000, 0x0000000795580000)
  object space 61952K, 42% used [0x0000000740000000,0x00000007419fbeb8,0x0000000743c80000)
 Metaspace       used 25391K, capacity 25787K, committed 25984K, reserved 1073152K
  class space    used 2508K, capacity 2652K, committed 2688K, reserved 1048576K
Event: 202.330 GC heap after
Heap after GC invocations=172 (full 1):
 PSYoungGen      total 61952K, used 128K [0x0000000795580000, 0x000000079a400000, 0x00000007c0000000)
  eden space 61440K, 0% used [0x0000000795580000,0x0000000795580000,0x0000000799180000)
  from space 512K, 25% used [0x000000079a300000,0x000000079a320000,0x000000079a380000)
  to   space 512K, 0% used [0x000000079a380000,0x000000079a380000,0x000000079a400000)
 ParOldGen       total 61952K, used 26607K [0x0000000740000000, 0x0000000743c80000, 0x0000000795580000)
  object space 61952K, 42% used [0x0000000740000000,0x00000007419fbeb8,0x0000000743c80000)
 Metaspace       used 25391K, capacity 25787K, committed 25984K, reserved 1073152K
  class space    used 2508K, capacity 2652K, committed 2688K, reserved 1048576K
}
Event: 202.892 GC heap before
{Heap before GC invocations=173 (full 1):
 PSYoungGen      total 61952K, used 61568K [0x0000000795580000, 0x000000079a400000, 0x00000007c0000000)
  eden space 61440K, 100% used [0x0000000795580000,0x0000000799180000,0x0000000799180000)
  from space 512K, 25% used [0x000000079a300000,0x000000079a320000,0x000000079a380000)
  to   space 512K, 0% used [0x000000079a380000,0x000000079a380000,0x000000079a400000)
 ParOldGen       total 61952K, used 26607K [0x0000000740000000, 0x0000000743c80000, 0x0000000795580000)
  object space 61952K, 42% used [0x0000000740000000,0x00000007419fbeb8,0x0000000743c80000)
 Metaspace       used 25391K, capacity 25787K, committed 25984K, reserved 1073152K
  class space    used 2508K, capacity 2652K, committed 2688K, reserved 1048576K
Event: 202.894 GC heap after
Heap after GC invocations=173 (full 1):
 PSYoungGen      total 69120K, used 128K [0x0000000795580000, 0x000000079a400000, 0x00000007c0000000)
  eden space 68608K, 0% used [0x0000000795580000,0x0000000795580000,0x0000000799880000)
  from space 512K, 25% used [0x000000079a380000,0x000000079a3a0000,0x000000079a400000)
  to   space 512K, 0% used [0x000000079a300000,0x000000079a300000,0x000000079a380000)
 ParOldGen       total 61952K, used 26607K [0x0000000740000000, 0x0000000743c80000, 0x0000000795580000)
  object space 61952K, 42% used [0x0000000740000000,0x00000007419fbeb8,0x0000000743c80000)
 Metaspace       used 25391K, capacity 25787K, committed 25984K, reserved 1073152K
  class space    used 2508K, capacity 2652K, committed 2688K, reserved 1048576K
}
Event: 203.362 GC heap before
{Heap before GC invocations=174 (full 1):
 PSYoungGen      total 69120K, used 68736K [0x0000000795580000, 0x000000079a400000, 0x00000007c0000000)
  eden space 68608K, 100% used [0x0000000795580000,0x0000000799880000,0x0000000799880000)
  from space 512K, 25% used [0x000000079a380000,0x000000079a3a0000,0x000000079a400000)
  to   space 512K, 0% used [0x000000079a300000,0x000000079a300000,0x000000079a380000)
 ParOldGen       total 61952K, used 26607K [0x0000000740000000, 0x0000000743c80000, 0x0000000795580000)
  object space 61952K, 42% used [0x0000000740000000,0x00000007419fbeb8,0x0000000743c80000)
 Metaspace       used 25391K, capacity 25787K, committed 25984K, reserved 1073152K
  class space    used 2508K, capacity 2652K, committed 2688K, reserved 1048576K
Event: 203.363 GC heap after
Heap after GC invocations=174 (full 1):
 PSYoungGen      total 67584K, used 128K [0x0000000795580000, 0x000000079a400000, 0x00000007c0000000)
  eden space 67072K, 0% used [0x0000000795580000,0x0000000795580000,0x0000000799700000)
  from space 512K, 25% used [0x000000079a300000,0x000000079a320000,0x000000079a380000)
  to   space 512K, 0% used [0x000000079a380000,0x000000079a380000,0x000000079a400000)
 ParOldGen       total 61952K, used 26607K [0x0000000740000000, 0x0000000743c80000, 0x0000000795580000)
  object space 61952K, 42% used [0x0000000740000000,0x00000007419fbeb8,0x0000000743c80000)
 Metaspace       used 25391K, capacity 25787K, committed 25984K, reserved 1073152K
  class space    used 2508K, capacity 2652K, committed 2688K, reserved 1048576K
}
Event: 203.778 GC heap before
{Heap before GC invocations=175 (full 1):
 PSYoungGen      total 67584K, used 67200K [0x0000000795580000, 0x000000079a400000, 0x00000007c0000000)
  eden space 67072K, 100% used [0x0000000795580000,0x0000000799700000,0x0000000799700000)
  from space 512K, 25% used [0x000000079a300000,0x000000079a320000,0x000000079a380000)
  to   space 512K, 0% used [0x000000079a380000,0x000000079a380000,0x000000079a400000)
 ParOldGen       total 61952K, used 26607K [0x0000000740000000, 0x0000000743c80000, 0x0000000795580000)
  object space 61952K, 42% used [0x0000000740000000,0x00000007419fbeb8,0x0000000743c80000)
 Metaspace       used 25391K, capacity 25787K, committed 25984K, reserved 1073152K
  class space    used 2508K, capacity 2652K, committed 2688K, reserved 1048576K
Event: 203.780 GC heap after
Heap after GC invocations=175 (full 1):
 PSYoungGen      total 66048K, used 128K [0x0000000795580000, 0x000000079a400000, 0x00000007c0000000)
  eden space 65536K, 0% used [0x0000000795580000,0x0000000795580000,0x0000000799580000)
  from space 512K, 25% used [0x000000079a380000,0x000000079a3a0000,0x000000079a400000)
  to   space 512K, 0% used [0x000000079a300000,0x000000079a300000,0x000000079a380000)
 ParOldGen       total 61952K, used 26607K [0x0000000740000000, 0x0000000743c80000, 0x0000000795580000)
  object space 61952K, 42% used [0x0000000740000000,0x00000007419fbeb8,0x0000000743c80000)
 Metaspace       used 25391K, capacity 25787K, committed 25984K, reserved 1073152K
  class space    used 2508K, capacity 2652K, committed 2688K, reserved 1048576K
}

